[Fri May 13 18:21:12.597180 2022] [ssl:warn] [pid 7284:tid 412] AH01909: www.example.com:443:0 server certificate does NOT include an ID which matches the server name
[Fri May 13 18:21:12.639219 2022] [ssl:warn] [pid 7284:tid 412] AH01909: www.example.com:443:0 server certificate does NOT include an ID which matches the server name
[Fri May 13 18:21:12.666243 2022] [mpm_winnt:notice] [pid 7284:tid 412] AH00455: Apache/2.4.53 (Win64) OpenSSL/1.1.1n PHP/7.4.29 configured -- resuming normal operations
[Fri May 13 18:21:12.666243 2022] [mpm_winnt:notice] [pid 7284:tid 412] AH00456: Apache Lounge VC15 Server built: Mar 16 2022 15:48:38
[Fri May 13 18:21:12.667244 2022] [core:notice] [pid 7284:tid 412] AH00094: Command line: 'apache\\bin\\httpd.exe -d C:/Users/Administrator/Desktop/webAPI work/database/apache -f conf\\httpd.conf'
[Fri May 13 18:21:12.669246 2022] [mpm_winnt:notice] [pid 7284:tid 412] AH00418: Parent: Created child process 12704
Apache server shutdown initiated...
sl:warn] [pid 12704:tid 416] AH01909: www.example.com:443:0 server certificate does NOT include an ID which matches the server name
[Fri May 13 18:21:13.226754 2022] [ssl:warn] [pid 12704:tid 416] AH01909: www.example.com:443:0 server certificate does NOT include an ID which matches the server name
[Fri May 13 18:21:13.250776 2022] [mpm_winnt:notice] [pid 12704:tid 416] AH00354: Child: Starting 150 worker threads.
[Fri May 13 18:21:18.245893 2022] [mpm_winnt:notice] [pid 7284:tid 412] AH00422: Parent: Received shutdown signal -- Shutting down the server.
[Fri May 13 18:21:20.262603 2022] [mpm_winnt:notice] [pid 12704:tid 416] AH00364: Child: All worker threads have exited.
[Fri May 13 18:21:20.283622 2022] [mpm_winnt:notice] [pid 7284:tid 412] AH00430: Parent: Child process 12704 exited successfully.
[Fri May 13 18:21:22.560695 2022] [ssl:warn] [pid 14548:tid 404] AH01909: www.example.com:443:0 server certificate does NOT include an ID which matches the server name
[Fri May 13 18:21:22.598730 2022] [ssl:warn] [pid 14548:tid 404] AH01909: www.example.com:443:0 server certificate does NOT include an ID which matches the server name
[Fri May 13 18:21:22.619749 2022] [mpm_winnt:notice] [pid 14548:tid 404] AH00455: Apache/2.4.53 (Win64) OpenSSL/1.1.1n PHP/7.4.29 configured -- resuming normal operations
[Fri May 13 18:21:22.619749 2022] [mpm_winnt:notice] [pid 14548:tid 404] AH00456: Apache Lounge VC15 Server built: Mar 16 2022 15:48:38
[Fri May 13 18:21:22.619749 2022] [core:notice] [pid 14548:tid 404] AH00094: Command line: 'c:\\users\\administrator\\desktop\\webapi work\\database\\apache\\bin\\httpd.exe -d C:/Users/Administrator/Desktop/webAPI work/database/apache'
[Fri May 13 18:21:22.621751 2022] [mpm_winnt:notice] [pid 14548:tid 404] AH00418: Parent: Created child process 12600
[Fri May 13 18:21:23.151233 2022] [ssl:warn] [pid 12600:tid 448] AH01909: www.example.com:443:0 server certificate does NOT include an ID which matches the server name
[Fri May 13 18:21:23.188267 2022] [ssl:warn] [pid 12600:tid 448] AH01909: www.example.com:443:0 server certificate does NOT include an ID which matches the server name
[Fri May 13 18:21:23.211288 2022] [mpm_winnt:notice] [pid 12600:tid 448] AH00354: Child: Starting 150 worker threads.
